# JRE version: OpenJDK Runtime Environment Homebrew (21.0) (build 21)
# Java VM: OpenJDK 64-Bit Server VM Homebrew (21, mixed mode, sharing, tiered, compressed oops, compressed class ptrs, g1 gc, bsd-aarch64)
Heap:
 garbage-first heap   total 133120K, used 15337K [0x0000000780000000, 0x0000000800000000)
  region size 1024K, 11 young (11264K), 1 survivors (1024K)
 Metaspace       used 9526K, committed 9728K, reserved 1114112K
  class space    used 1009K, committed 1088K, reserved 1048576K
GC Heap History (20 events):
Event: 3665.930 GC heap before
{Heap before GC invocations=41 (full 0):
 garbage-first heap   total 133120K, used 82879K [0x0000000780000000, 0x0000000800000000)
  region size 1024K, 76 young (77824K), 1 survivors (1024K)
 Metaspace       used 9480K, committed 9664K, reserved 1114112K
  class space    used 1009K, committed 1088K, reserved 1048576K
}
Event: 3665.940 GC heap after
{Heap after GC invocations=42 (full 0):
 garbage-first heap   total 133120K, used 6012K [0x0000000780000000, 0x0000000800000000)
  region size 1024K, 1 young (1024K), 1 survivors (1024K)
 Metaspace       used 9480K, committed 9664K, reserved 1114112K
  class space    used 1009K, committed 1088K, reserved 1048576K
}
Event: 3750.603 GC heap before
{Heap before GC invocations=42 (full 0):
 garbage-first heap   total 133120K, used 82812K [0x0000000780000000, 0x0000000800000000)
  region size 1024K, 76 young (77824K), 1 survivors (1024K)
 Metaspace       used 9526K, committed 9728K, reserved 1114112K
  class space    used 1009K, committed 1088K, reserved 1048576K
}
Event: 3750.608 GC heap after
{Heap after GC invocations=43 (full 0):
 garbage-first heap   total 133120K, used 6141K [0x0000000780000000, 0x0000000800000000)
  region size 1024K, 1 young (1024K), 1 survivors (1024K)
 Metaspace       used 9526K, committed 9728K, reserved 1114112K
  class space    used 1009K, committed 1088K, reserved 1048576K
}
Event: 3837.791 GC heap before
{Heap before GC invocations=43 (full 0):
 garbage-first heap   total 133120K, used 82941K [0x0000000780000000, 0x0000000800000000)
  region size 1024K, 76 young (77824K), 1 survivors (1024K)
 Metaspace       used 9526K, committed 9728K, reserved 1114112K
  class space    used 1009K, committed 1088K, reserved 1048576K
}
Event: 3837.798 GC heap after
{Heap after GC invocations=44 (full 0):
 garbage-first heap   total 133120K, used 6163K [0x0000000780000000, 0x0000000800000000)
  region size 1024K, 1 young (1024K), 1 survivors (1024K)
 Metaspace       used 9526K, committed 9728K, reserved 1114112K
  class space    used 1009K, committed 1088K, reserved 1048576K
}
Event: 3921.888 GC heap before
{Heap before GC invocations=44 (full 0):
 garbage-first heap   total 133120K, used 82963K [0x0000000780000000, 0x0000000800000000)
  region size 1024K, 76 young (77824K), 1 survivors (1024K)
 Metaspace       used 9526K, committed 9728K, reserved 1114112K
  class space    used 1009K, committed 1088K, reserved 1048576K
}
Event: 3921.893 GC heap after
{Heap after GC invocations=45 (full 0):
 garbage-first heap   total 133120K, used 6092K [0x0000000780000000, 0x0000000800000000)
  region size 1024K, 1 young (1024K), 1 survivors (1024K)
 Metaspace       used 9526K, committed 9728K, reserved 1114112K
  class space    used 1009K, committed 1088K, reserved 1048576K
}
Event: 4006.303 GC heap before
{Heap before GC invocations=45 (full 0):
 garbage-first heap   total 133120K, used 82892K [0x0000000780000000, 0x0000000800000000)
  region size 1024K, 76 young (77824K), 1 survivors (1024K)
 Metaspace       used 9526K, committed 9728K, reserved 1114112K
  class space    used 1009K, committed 1088K, reserved 1048576K
}
Event: 4006.305 GC heap after
{Heap after GC invocations=46 (full 0):
 garbage-first heap   total 133120K, used 6078K [0x0000000780000000, 0x0000000800000000)
  region size 1024K, 1 young (1024K), 1 survivors (1024K)
 Metaspace       used 9526K, committed 9728K, reserved 1114112K
  class space    used 1009K, committed 1088K, reserved 1048576K
}
Event: 4089.169 GC heap before
{Heap before GC invocations=46 (full 0):
 garbage-first heap   total 133120K, used 82878K [0x0000000780000000, 0x0000000800000000)
  region size 1024K, 76 young (77824K), 1 survivors (1024K)
 Metaspace       used 9526K, committed 9728K, reserved 1114112K
  class space    used 1009K, committed 1088K, reserved 1048576K
}
Event: 4089.177 GC heap after
{Heap after GC invocations=47 (full 0):
 garbage-first heap   total 133120K, used 6015K [0x0000000780000000, 0x0000000800000000)
  region size 1024K, 1 young (1024K), 1 survivors (1024K)
 Metaspace       used 9526K, committed 9728K, reserved 1114112K
  class space    used 1009K, committed 1088K, reserved 1048576K
}
Event: 4171.860 GC heap before
{Heap before GC invocations=47 (full 0):
 garbage-first heap   total 133120K, used 82815K [0x0000000780000000, 0x0000000800000000)
  region size 1024K, 76 young (77824K), 1 survivors (1024K)
 Metaspace       used 9526K, committed 9728K, reserved 1114112K
  class space    used 1009K, committed 1088K, reserved 1048576K
}
Event: 4171.866 GC heap after
{Heap after GC invocations=48 (full 0):
 garbage-first heap   total 133120K, used 6087K [0x0000000780000000, 0x0000000800000000)
  region size 1024K, 1 young (1024K), 1 survivors (1024K)
 Metaspace       used 9526K, committed 9728K, reserved 1114112K
  class space    used 1009K, committed 1088K, reserved 1048576K
}
Event: 4255.068 GC heap before
{Heap before GC invocations=48 (full 0):
 garbage-first heap   total 133120K, used 82887K [0x0000000780000000, 0x0000000800000000)
  region size 1024K, 76 young (77824K), 1 survivors (1024K)
 Metaspace       used 9526K, committed 9728K, reserved 1114112K
  class space    used 1009K, committed 1088K, reserved 1048576K
}
Event: 4255.077 GC heap after
{Heap after GC invocations=49 (full 0):
 garbage-first heap   total 133120K, used 6096K [0x0000000780000000, 0x0000000800000000)
  region size 1024K, 1 young (1024K), 1 survivors (1024K)
 Metaspace       used 9526K, committed 9728K, reserved 1114112K
  class space    used 1009K, committed 1088K, reserved 1048576K
}
Event: 4339.396 GC heap before
{Heap before GC invocations=49 (full 0):
 garbage-first heap   total 133120K, used 82896K [0x0000000780000000, 0x0000000800000000)
  region size 1024K, 76 young (77824K), 1 survivors (1024K)
 Metaspace       used 9526K, committed 9728K, reserved 1114112K
  class space    used 1009K, committed 1088K, reserved 1048576K
}
Event: 4339.404 GC heap after
{Heap after GC invocations=50 (full 0):
 garbage-first heap   total 133120K, used 6101K [0x0000000780000000, 0x0000000800000000)
  region size 1024K, 1 young (1024K), 1 survivors (1024K)
 Metaspace       used 9526K, committed 9728K, reserved 1114112K
  class space    used 1009K, committed 1088K, reserved 1048576K
}
Event: 4423.353 GC heap before
{Heap before GC invocations=50 (full 0):
 garbage-first heap   total 133120K, used 82901K [0x0000000780000000, 0x0000000800000000)
  region size 1024K, 76 young (77824K), 1 survivors (1024K)
 Metaspace       used 9526K, committed 9728K, reserved 1114112K
  class space    used 1009K, committed 1088K, reserved 1048576K
}
Event: 4423.356 GC heap after
{Heap after GC invocations=51 (full 0):
 garbage-first heap   total 133120K, used 6106K [0x0000000780000000, 0x0000000800000000)
  region size 1024K, 1 young (1024K), 1 survivors (1024K)
 Metaspace       used 9526K, committed 9728K, reserved 1114112K
  class space    used 1009K, committed 1088K, reserved 1048576K
}

