# JRE version: OpenJDK Runtime Environment Homebrew (21.0) (build 21)
# Java VM: OpenJDK 64-Bit Server VM Homebrew (21, mixed mode, sharing, tiered, compressed oops, compressed class ptrs, g1 gc, bsd-aarch64)
Heap:
 garbage-first heap   total 133120K, used 61593K [0x0000000780000000, 0x0000000800000000)
  region size 1024K, 47 young (48128K), 1 survivors (1024K)
 Metaspace       used 11278K, committed 11584K, reserved 1114112K
  class space    used 1213K, committed 1344K, reserved 1048576K
GC Heap History (20 events):
Event: 5865.090 GC heap before
{Heap before GC invocations=10944 (full 0):
 garbage-first heap   total 133120K, used 91805K [0x0000000780000000, 0x0000000800000000)
  region size 1024K, 76 young (77824K), 1 survivors (1024K)
 Metaspace       used 11278K, committed 11584K, reserved 1114112K
  class space    used 1213K, committed 1344K, reserved 1048576K
}
Event: 5865.091 GC heap after
{Heap after GC invocations=10945 (full 0):
 garbage-first heap   total 133120K, used 15012K [0x0000000780000000, 0x0000000800000000)
  region size 1024K, 1 young (1024K), 1 survivors (1024K)
 Metaspace       used 11278K, committed 11584K, reserved 1114112K
  class space    used 1213K, committed 1344K, reserved 1048576K
}
Event: 5865.605 GC heap before
{Heap before GC invocations=10945 (full 0):
 garbage-first heap   total 133120K, used 91812K [0x0000000780000000, 0x0000000800000000)
  region size 1024K, 76 young (77824K), 1 survivors (1024K)
 Metaspace       used 11278K, committed 11584K, reserved 1114112K
  class space    used 1213K, committed 1344K, reserved 1048576K
}
Event: 5865.606 GC heap after
{Heap after GC invocations=10946 (full 0):
 garbage-first heap   total 133120K, used 15018K [0x0000000780000000, 0x0000000800000000)
  region size 1024K, 1 young (1024K), 1 survivors (1024K)
 Metaspace       used 11278K, committed 11584K, reserved 1114112K
  class space    used 1213K, committed 1344K, reserved 1048576K
}
Event: 5866.160 GC heap before
{Heap before GC invocations=10946 (full 0):
 garbage-first heap   total 133120K, used 91818K [0x0000000780000000, 0x0000000800000000)
  region size 1024K, 76 young (77824K), 1 survivors (1024K)
 Metaspace       used 11278K, committed 11584K, reserved 1114112K
  class space    used 1213K, committed 1344K, reserved 1048576K
}
Event: 5866.162 GC heap after
{Heap after GC invocations=10947 (full 0):
 garbage-first heap   total 133120K, used 15005K [0x0000000780000000, 0x0000000800000000)
  region size 1024K, 1 young (1024K), 1 survivors (1024K)
 Metaspace       used 11278K, committed 11584K, reserved 1114112K
  class space    used 1213K, committed 1344K, reserved 1048576K
}
Event: 5866.707 GC heap before
{Heap before GC invocations=10947 (full 0):
 garbage-first heap   total 133120K, used 91805K [0x0000000780000000, 0x0000000800000000)
  region size 1024K, 76 young (77824K), 1 survivors (1024K)
 Metaspace       used 11278K, committed 11584K, reserved 1114112K
  class space    used 1213K, committed 1344K, reserved 1048576K
}
Event: 5866.708 GC heap after
{Heap after GC invocations=10948 (full 0):
 garbage-first heap   total 133120K, used 15024K [0x0000000780000000, 0x0000000800000000)
  region size 1024K, 1 young (1024K), 1 survivors (1024K)
 Metaspace       used 11278K, committed 11584K, reserved 1114112K
  class space    used 1213K, committed 1344K, reserved 1048576K
}
Event: 5867.235 GC heap before
{Heap before GC invocations=10948 (full 0):
 garbage-first heap   total 133120K, used 91824K [0x0000000780000000, 0x0000000800000000)
  region size 1024K, 76 young (77824K), 1 survivors (1024K)
 Metaspace       used 11278K, committed 11584K, reserved 1114112K
  class space    used 1213K, committed 1344K, reserved 1048576K
}
Event: 5867.236 GC heap after
{Heap after GC invocations=10949 (full 0):
 garbage-first heap   total 133120K, used 15005K [0x0000000780000000, 0x0000000800000000)
  region size 1024K, 1 young (1024K), 1 survivors (1024K)
 Metaspace       used 11278K, committed 11584K, reserved 1114112K
  class space    used 1213K, committed 1344K, reserved 1048576K
}
Event: 5867.746 GC heap before
{Heap before GC invocations=10949 (full 0):
 garbage-first heap   total 133120K, used 91805K [0x0000000780000000, 0x0000000800000000)
  region size 1024K, 76 young (77824K), 1 survivors (1024K)
 Metaspace       used 11278K, committed 11584K, reserved 1114112K
  class space    used 1213K, committed 1344K, reserved 1048576K
}
Event: 5867.748 GC heap after
{Heap after GC invocations=10950 (full 0):
 garbage-first heap   total 133120K, used 14993K [0x0000000780000000, 0x0000000800000000)
  region size 1024K, 1 young (1024K), 1 survivors (1024K)
 Metaspace       used 11278K, committed 11584K, reserved 1114112K
  class space    used 1213K, committed 1344K, reserved 1048576K
}
Event: 5868.266 GC heap before
{Heap before GC invocations=10950 (full 0):
 garbage-first heap   total 133120K, used 91793K [0x0000000780000000, 0x0000000800000000)
  region size 1024K, 76 young (77824K), 1 survivors (1024K)
 Metaspace       used 11278K, committed 11584K, reserved 1114112K
  class space    used 1213K, committed 1344K, reserved 1048576K
}
Event: 5868.272 GC heap after
{Heap after GC invocations=10951 (full 0):
 garbage-first heap   total 133120K, used 14999K [0x0000000780000000, 0x0000000800000000)
  region size 1024K, 1 young (1024K), 1 survivors (1024K)
 Metaspace       used 11278K, committed 11584K, reserved 1114112K
  class space    used 1213K, committed 1344K, reserved 1048576K
}
Event: 5868.821 GC heap before
{Heap before GC invocations=10951 (full 0):
 garbage-first heap   total 133120K, used 91799K [0x0000000780000000, 0x0000000800000000)
  region size 1024K, 76 young (77824K), 1 survivors (1024K)
 Metaspace       used 11278K, committed 11584K, reserved 1114112K
  class space    used 1213K, committed 1344K, reserved 1048576K
}
Event: 5868.822 GC heap after
{Heap after GC invocations=10952 (full 0):
 garbage-first heap   total 133120K, used 15012K [0x0000000780000000, 0x0000000800000000)
  region size 1024K, 1 young (1024K), 1 survivors (1024K)
 Metaspace       used 11278K, committed 11584K, reserved 1114112K
  class space    used 1213K, committed 1344K, reserved 1048576K
}
Event: 5869.335 GC heap before
{Heap before GC invocations=10952 (full 0):
 garbage-first heap   total 133120K, used 91812K [0x0000000780000000, 0x0000000800000000)
  region size 1024K, 76 young (77824K), 1 survivors (1024K)
 Metaspace       used 11278K, committed 11584K, reserved 1114112K
  class space    used 1213K, committed 1344K, reserved 1048576K
}
Event: 5869.336 GC heap after
{Heap after GC invocations=10953 (full 0):
 garbage-first heap   total 133120K, used 15011K [0x0000000780000000, 0x0000000800000000)
  region size 1024K, 1 young (1024K), 1 survivors (1024K)
 Metaspace       used 11278K, committed 11584K, reserved 1114112K
  class space    used 1213K, committed 1344K, reserved 1048576K
}
Event: 5869.841 GC heap before
{Heap before GC invocations=10953 (full 0):
 garbage-first heap   total 133120K, used 91811K [0x0000000780000000, 0x0000000800000000)
  region size 1024K, 76 young (77824K), 1 survivors (1024K)
 Metaspace       used 11278K, committed 11584K, reserved 1114112K
  class space    used 1213K, committed 1344K, reserved 1048576K
}
Event: 5869.842 GC heap after
{Heap after GC invocations=10954 (full 0):
 garbage-first heap   total 133120K, used 14999K [0x0000000780000000, 0x0000000800000000)
  region size 1024K, 1 young (1024K), 1 survivors (1024K)
 Metaspace       used 11278K, committed 11584K, reserved 1114112K
  class space    used 1213K, committed 1344K, reserved 1048576K
}

