# JRE version: OpenJDK Runtime Environment Homebrew (21.0) (build 21)
# Java VM: OpenJDK 64-Bit Server VM Homebrew (21, mixed mode, sharing, tiered, compressed oops, compressed class ptrs, g1 gc, bsd-aarch64)
Heap:
 garbage-first heap   total 133120K, used 18273K [0x0000000780000000, 0x0000000800000000)
  region size 1024K, 6 young (6144K), 5 survivors (5120K)
 Metaspace       used 14670K, committed 14976K, reserved 1114112K
  class space    used 1673K, committed 1792K, reserved 1048576K
GC Heap History (20 events):
Event: 231.238 GC heap before
{Heap before GC invocations=123 (full 0):
 garbage-first heap   total 133120K, used 90368K [0x0000000780000000, 0x0000000800000000)
  region size 1024K, 76 young (77824K), 1 survivors (1024K)
 Metaspace       used 14327K, committed 14592K, reserved 1114112K
  class space    used 1659K, committed 1792K, reserved 1048576K
}
Event: 231.239 GC heap after
{Heap after GC invocations=124 (full 0):
 garbage-first heap   total 133120K, used 13572K [0x0000000780000000, 0x0000000800000000)
  region size 1024K, 1 young (1024K), 1 survivors (1024K)
 Metaspace       used 14327K, committed 14592K, reserved 1114112K
  class space    used 1659K, committed 1792K, reserved 1048576K
}
Event: 232.627 GC heap before
{Heap before GC invocations=124 (full 0):
 garbage-first heap   total 133120K, used 90372K [0x0000000780000000, 0x0000000800000000)
  region size 1024K, 76 young (77824K), 1 survivors (1024K)
 Metaspace       used 14327K, committed 14592K, reserved 1114112K
  class space    used 1659K, committed 1792K, reserved 1048576K
}
Event: 232.628 GC heap after
{Heap after GC invocations=125 (full 0):
 garbage-first heap   total 133120K, used 13568K [0x0000000780000000, 0x0000000800000000)
  region size 1024K, 1 young (1024K), 1 survivors (1024K)
 Metaspace       used 14327K, committed 14592K, reserved 1114112K
  class space    used 1659K, committed 1792K, reserved 1048576K
}
Event: 233.915 GC heap before
{Heap before GC invocations=125 (full 0):
 garbage-first heap   total 133120K, used 90368K [0x0000000780000000, 0x0000000800000000)
  region size 1024K, 76 young (77824K), 1 survivors (1024K)
 Metaspace       used 14330K, committed 14592K, reserved 1114112K
  class space    used 1659K, committed 1792K, reserved 1048576K
}
Event: 233.915 GC heap after
{Heap after GC invocations=126 (full 0):
 garbage-first heap   total 133120K, used 13569K [0x0000000780000000, 0x0000000800000000)
  region size 1024K, 1 young (1024K), 1 survivors (1024K)
 Metaspace       used 14330K, committed 14592K, reserved 1114112K
  class space    used 1659K, committed 1792K, reserved 1048576K
}
Event: 234.957 GC heap before
{Heap before GC invocations=126 (full 0):
 garbage-first heap   total 133120K, used 90369K [0x0000000780000000, 0x0000000800000000)
  region size 1024K, 76 young (77824K), 1 survivors (1024K)
 Metaspace       used 14330K, committed 14592K, reserved 1114112K
  class space    used 1659K, committed 1792K, reserved 1048576K
}
Event: 234.957 GC heap after
{Heap after GC invocations=127 (full 0):
 garbage-first heap   total 133120K, used 13568K [0x0000000780000000, 0x0000000800000000)
  region size 1024K, 1 young (1024K), 1 survivors (1024K)
 Metaspace       used 14330K, committed 14592K, reserved 1114112K
  class space    used 1659K, committed 1792K, reserved 1048576K
}
Event: 236.313 GC heap before
{Heap before GC invocations=127 (full 0):
 garbage-first heap   total 133120K, used 90368K [0x0000000780000000, 0x0000000800000000)
  region size 1024K, 76 young (77824K), 1 survivors (1024K)
 Metaspace       used 14330K, committed 14592K, reserved 1114112K
  class space    used 1659K, committed 1792K, reserved 1048576K
}
Event: 236.315 GC heap after
{Heap after GC invocations=128 (full 0):
 garbage-first heap   total 133120K, used 13570K [0x0000000780000000, 0x0000000800000000)
  region size 1024K, 1 young (1024K), 1 survivors (1024K)
 Metaspace       used 14330K, committed 14592K, reserved 1114112K
  class space    used 1659K, committed 1792K, reserved 1048576K
}
Event: 242.144 GC heap before
{Heap before GC invocations=128 (full 0):
 garbage-first heap   total 133120K, used 90370K [0x0000000780000000, 0x0000000800000000)
  region size 1024K, 76 young (77824K), 1 survivors (1024K)
 Metaspace       used 14377K, committed 14656K, reserved 1114112K
  class space    used 1666K, committed 1792K, reserved 1048576K
}
Event: 242.146 GC heap after
{Heap after GC invocations=129 (full 0):
 garbage-first heap   total 133120K, used 14218K [0x0000000780000000, 0x0000000800000000)
  region size 1024K, 1 young (1024K), 1 survivors (1024K)
 Metaspace       used 14377K, committed 14656K, reserved 1114112K
  class space    used 1666K, committed 1792K, reserved 1048576K
}
Event: 308.267 GC heap before
{Heap before GC invocations=129 (full 0):
 garbage-first heap   total 133120K, used 91018K [0x0000000780000000, 0x0000000800000000)
  region size 1024K, 76 young (77824K), 1 survivors (1024K)
 Metaspace       used 14670K, committed 14976K, reserved 1114112K
  class space    used 1673K, committed 1792K, reserved 1048576K
}
Event: 308.280 GC heap after
{Heap after GC invocations=130 (full 0):
 garbage-first heap   total 133120K, used 17805K [0x0000000780000000, 0x0000000800000000)
  region size 1024K, 5 young (5120K), 5 survivors (5120K)
 Metaspace       used 14670K, committed 14976K, reserved 1114112K
  class space    used 1673K, committed 1792K, reserved 1048576K
}
Event: 387.599 GC heap before
{Heap before GC invocations=130 (full 0):
 garbage-first heap   total 133120K, used 90509K [0x0000000780000000, 0x0000000800000000)
  region size 1024K, 76 young (77824K), 5 survivors (5120K)
 Metaspace       used 14670K, committed 14976K, reserved 1114112K
  class space    used 1673K, committed 1792K, reserved 1048576K
}
Event: 387.612 GC heap after
{Heap after GC invocations=131 (full 0):
 garbage-first heap   total 133120K, used 18630K [0x0000000780000000, 0x0000000800000000)
  region size 1024K, 5 young (5120K), 5 survivors (5120K)
 Metaspace       used 14670K, committed 14976K, reserved 1114112K
  class space    used 1673K, committed 1792K, reserved 1048576K
}
Event: 468.150 GC heap before
{Heap before GC invocations=131 (full 0):
 garbage-first heap   total 133120K, used 91334K [0x0000000780000000, 0x0000000800000000)
  region size 1024K, 76 young (77824K), 5 survivors (5120K)
 Metaspace       used 14670K, committed 14976K, reserved 1114112K
  class space    used 1673K, committed 1792K, reserved 1048576K
}
Event: 468.160 GC heap after
{Heap after GC invocations=132 (full 0):
 garbage-first heap   total 133120K, used 19056K [0x0000000780000000, 0x0000000800000000)
  region size 1024K, 6 young (6144K), 6 survivors (6144K)
 Metaspace       used 14670K, committed 14976K, reserved 1114112K
  class space    used 1673K, committed 1792K, reserved 1048576K
}
Event: 547.700 GC heap before
{Heap before GC invocations=132 (full 0):
 garbage-first heap   total 133120K, used 90736K [0x0000000780000000, 0x0000000800000000)
  region size 1024K, 76 young (77824K), 6 survivors (6144K)
 Metaspace       used 14670K, committed 14976K, reserved 1114112K
  class space    used 1673K, committed 1792K, reserved 1048576K
}
Event: 547.708 GC heap after
{Heap after GC invocations=133 (full 0):
 garbage-first heap   total 133120K, used 17750K [0x0000000780000000, 0x0000000800000000)
  region size 1024K, 5 young (5120K), 5 survivors (5120K)
 Metaspace       used 14670K, committed 14976K, reserved 1114112K
  class space    used 1673K, committed 1792K, reserved 1048576K
}

