# JRE version: OpenJDK Runtime Environment Homebrew (21.0) (build 21)
# Java VM: OpenJDK 64-Bit Server VM Homebrew (21, mixed mode, sharing, tiered, compressed oops, compressed class ptrs, g1 gc, bsd-aarch64)
Heap:
 garbage-first heap   total 133120K, used 85518K [0x0000000780000000, 0x0000000800000000)
  region size 1024K, 59 young (60416K), 1 survivors (1024K)
 Metaspace       used 15214K, committed 15488K, reserved 1114112K
  class space    used 1727K, committed 1856K, reserved 1048576K
GC Heap History (20 events):
Event: 10691.522 GC heap before
{Heap before GC invocations=1263 (full 0):
 garbage-first heap   total 133120K, used 103422K [0x0000000780000000, 0x0000000800000000)
  region size 1024K, 76 young (77824K), 1 survivors (1024K)
 Metaspace       used 15214K, committed 15488K, reserved 1114112K
  class space    used 1727K, committed 1856K, reserved 1048576K
}
Event: 10691.525 GC heap after
{Heap after GC invocations=1264 (full 0):
 garbage-first heap   total 133120K, used 26624K [0x0000000780000000, 0x0000000800000000)
  region size 1024K, 1 young (1024K), 1 survivors (1024K)
 Metaspace       used 15214K, committed 15488K, reserved 1114112K
  class space    used 1727K, committed 1856K, reserved 1048576K
}
Event: 10769.600 GC heap before
{Heap before GC invocations=1264 (full 0):
 garbage-first heap   total 133120K, used 103424K [0x0000000780000000, 0x0000000800000000)
  region size 1024K, 76 young (77824K), 1 survivors (1024K)
 Metaspace       used 15214K, committed 15488K, reserved 1114112K
  class space    used 1727K, committed 1856K, reserved 1048576K
}
Event: 10769.603 GC heap after
{Heap after GC invocations=1265 (full 0):
 garbage-first heap   total 133120K, used 26623K [0x0000000780000000, 0x0000000800000000)
  region size 1024K, 1 young (1024K), 1 survivors (1024K)
 Metaspace       used 15214K, committed 15488K, reserved 1114112K
  class space    used 1727K, committed 1856K, reserved 1048576K
}
Event: 10847.610 GC heap before
{Heap before GC invocations=1265 (full 0):
 garbage-first heap   total 133120K, used 103423K [0x0000000780000000, 0x0000000800000000)
  region size 1024K, 76 young (77824K), 1 survivors (1024K)
 Metaspace       used 15214K, committed 15488K, reserved 1114112K
  class space    used 1727K, committed 1856K, reserved 1048576K
}
Event: 10847.614 GC heap after
{Heap after GC invocations=1266 (full 0):
 garbage-first heap   total 133120K, used 26624K [0x0000000780000000, 0x0000000800000000)
  region size 1024K, 1 young (1024K), 1 survivors (1024K)
 Metaspace       used 15214K, committed 15488K, reserved 1114112K
  class space    used 1727K, committed 1856K, reserved 1048576K
}
Event: 10925.629 GC heap before
{Heap before GC invocations=1266 (full 0):
 garbage-first heap   total 133120K, used 103424K [0x0000000780000000, 0x0000000800000000)
  region size 1024K, 76 young (77824K), 1 survivors (1024K)
 Metaspace       used 15214K, committed 15488K, reserved 1114112K
  class space    used 1727K, committed 1856K, reserved 1048576K
}
Event: 10925.632 GC heap after
{Heap after GC invocations=1267 (full 0):
 garbage-first heap   total 133120K, used 26622K [0x0000000780000000, 0x0000000800000000)
  region size 1024K, 1 young (1024K), 1 survivors (1024K)
 Metaspace       used 15214K, committed 15488K, reserved 1114112K
  class space    used 1727K, committed 1856K, reserved 1048576K
}
Event: 11003.985 GC heap before
{Heap before GC invocations=1267 (full 0):
 garbage-first heap   total 133120K, used 103422K [0x0000000780000000, 0x0000000800000000)
  region size 1024K, 76 young (77824K), 1 survivors (1024K)
 Metaspace       used 15214K, committed 15488K, reserved 1114112K
  class space    used 1727K, committed 1856K, reserved 1048576K
}
Event: 11003.988 GC heap after
{Heap after GC invocations=1268 (full 0):
 garbage-first heap   total 133120K, used 26622K [0x0000000780000000, 0x0000000800000000)
  region size 1024K, 1 young (1024K), 1 survivors (1024K)
 Metaspace       used 15214K, committed 15488K, reserved 1114112K
  class space    used 1727K, committed 1856K, reserved 1048576K
}
Event: 11082.284 GC heap before
{Heap before GC invocations=1268 (full 0):
 garbage-first heap   total 133120K, used 103422K [0x0000000780000000, 0x0000000800000000)
  region size 1024K, 76 young (77824K), 1 survivors (1024K)
 Metaspace       used 15214K, committed 15488K, reserved 1114112K
  class space    used 1727K, committed 1856K, reserved 1048576K
}
Event: 11082.286 GC heap after
{Heap after GC invocations=1269 (full 0):
 garbage-first heap   total 133120K, used 26624K [0x0000000780000000, 0x0000000800000000)
  region size 1024K, 1 young (1024K), 1 survivors (1024K)
 Metaspace       used 15214K, committed 15488K, reserved 1114112K
  class space    used 1727K, committed 1856K, reserved 1048576K
}
Event: 11164.751 GC heap before
{Heap before GC invocations=1269 (full 0):
 garbage-first heap   total 133120K, used 103424K [0x0000000780000000, 0x0000000800000000)
  region size 1024K, 76 young (77824K), 1 survivors (1024K)
 Metaspace       used 15214K, committed 15488K, reserved 1114112K
  class space    used 1727K, committed 1856K, reserved 1048576K
}
Event: 11164.754 GC heap after
{Heap after GC invocations=1270 (full 0):
 garbage-first heap   total 133120K, used 26622K [0x0000000780000000, 0x0000000800000000)
  region size 1024K, 1 young (1024K), 1 survivors (1024K)
 Metaspace       used 15214K, committed 15488K, reserved 1114112K
  class space    used 1727K, committed 1856K, reserved 1048576K
}
Event: 11251.786 GC heap before
{Heap before GC invocations=1270 (full 0):
 garbage-first heap   total 133120K, used 103422K [0x0000000780000000, 0x0000000800000000)
  region size 1024K, 76 young (77824K), 1 survivors (1024K)
 Metaspace       used 15214K, committed 15488K, reserved 1114112K
  class space    used 1727K, committed 1856K, reserved 1048576K
}
Event: 11251.789 GC heap after
{Heap after GC invocations=1271 (full 0):
 garbage-first heap   total 133120K, used 26624K [0x0000000780000000, 0x0000000800000000)
  region size 1024K, 1 young (1024K), 1 survivors (1024K)
 Metaspace       used 15214K, committed 15488K, reserved 1114112K
  class space    used 1727K, committed 1856K, reserved 1048576K
}
Event: 11339.009 GC heap before
{Heap before GC invocations=1271 (full 0):
 garbage-first heap   total 133120K, used 103424K [0x0000000780000000, 0x0000000800000000)
  region size 1024K, 76 young (77824K), 1 survivors (1024K)
 Metaspace       used 15214K, committed 15488K, reserved 1114112K
  class space    used 1727K, committed 1856K, reserved 1048576K
}
Event: 11339.012 GC heap after
{Heap after GC invocations=1272 (full 0):
 garbage-first heap   total 133120K, used 26622K [0x0000000780000000, 0x0000000800000000)
  region size 1024K, 1 young (1024K), 1 survivors (1024K)
 Metaspace       used 15214K, committed 15488K, reserved 1114112K
  class space    used 1727K, committed 1856K, reserved 1048576K
}
Event: 11426.335 GC heap before
{Heap before GC invocations=1272 (full 0):
 garbage-first heap   total 133120K, used 103422K [0x0000000780000000, 0x0000000800000000)
  region size 1024K, 76 young (77824K), 1 survivors (1024K)
 Metaspace       used 15214K, committed 15488K, reserved 1114112K
  class space    used 1727K, committed 1856K, reserved 1048576K
}
Event: 11426.338 GC heap after
{Heap after GC invocations=1273 (full 0):
 garbage-first heap   total 133120K, used 26624K [0x0000000780000000, 0x0000000800000000)
  region size 1024K, 1 young (1024K), 1 survivors (1024K)
 Metaspace       used 15214K, committed 15488K, reserved 1114112K
  class space    used 1727K, committed 1856K, reserved 1048576K
}

